Arguments: 
  C:\Program Files\nodejs\node.exe C:\Program Files (x86)\Yarn\bin\yarn.js

PATH: 
  C:\Program Files\Docker\Docker\Resources\bin;C:\ProgramData\Oracle\Java\javapath;C:\Windows\system32;C:\Windows;C:\Windows\System32\Wbem;C:\Windows\System32\WindowsPowerShell\v1.0\;C:\Windows\CCM;C:\Program Files (x86)\Enterprise Vault\EVClient\;C:\Program Files\Microsoft System Center 2012 R2\Service Manager\;C:\Windows\system32\config\systemprofile\.dnx\bin;C:\Program Files\Microsoft DNX\Dnvm\;C:\Program Files\Microsoft SQL Server\120\Tools\Binn\;C:\Program Files\Microsoft SQL Server\130\Tools\Binn\;C:\Program Files\dotnet\;C:\Program Files (x86)\Microsoft SQL Server\130\Tools\Binn\;C:\Program Files (x86)\Microsoft SQL Server\130\DTS\Binn\;C:\Program Files\Microsoft SQL Server\130\DTS\Binn\;C:\Program Files\Microsoft SQL Server\Client SDK\ODBC\130\Tools\Binn\;C:\Program Files (x86)\Microsoft SQL Server\Client SDK\ODBC\130\Tools\Binn\;C:\Program Files (x86)\Microsoft SQL Server\130\Tools\Binn\ManagementStudio\;C:\Program Files\Git\cmd;C:\Program Files (x86)\Riverbed\Steelhead Mobile\;C:\Program Files (x86)\Yarn\bin;C:\Program Files\nodejs\;C:\Users\mjs6\AppData\Local\Microsoft\WindowsApps;;C:\Program Files (x86)\Microsoft VS Code\bin;C:\Users\mjs6\AppData\Local\Programs\Fiddler;C:\Users\mjs6\AppData\Local\Yarn\bin;C:\Users\mjs6\AppData\Roaming\npm

Yarn version: 
  1.3.2

Node version: 
  8.9.1

Platform: 
  win32 x64

npm manifest: 
  {
    "name": "dockerdemoaureliaclient",
    "description": "An Aurelia client application.",
    "version": "0.1.0",
    "repository": {
      "type": "???",
      "url": "???"
    },
    "license": "MIT",
    "dependencies": {
      "aurelia-bootstrapper": "^2.1.1",
      "aurelia-animator-css": "^1.0.2",
      "bluebird": "^3.4.1",
      "requirejs": "^2.3.2",
      "text": "github:requirejs/text#latest"
    },
    "peerDependencies": {},
    "devDependencies": {
      "aurelia-cli": "^0.32.0",
      "aurelia-testing": "^1.0.0-beta.3.0.1",
      "aurelia-tools": "^1.0.0",
      "gulp": "github:gulpjs/gulp#4.0",
      "minimatch": "^3.0.2",
      "through2": "^2.0.1",
      "uglify-js": "^3.0.19",
      "vinyl-fs": "^2.4.3",
      "event-stream": "^3.3.3",
      "gulp-typescript": "^3.1.4",
      "gulp-tslint": "^5.0.0",
      "tslint": "^3.11.0",
      "typescript": ">=1.9.0-dev || ^2.0.0",
      "@types/node": "^6.0.45",
      "gulp-htmlmin": "^3.0.0",
      "html-minifier": "^3.2.3",
      "jasmine-core": "^2.4.1",
      "karma": "^0.13.22",
      "karma-chrome-launcher": "^2.2.0",
      "karma-jasmine": "^1.0.2",
      "karma-sourcemap-loader": "^0.3.7",
      "karma-typescript-preprocessor": "^0.2.1",
      "@types/jasmine": "^2.2.0",
      "browser-sync": "^2.13.0",
      "connect-history-api-fallback": "^1.2.0",
      "debounce": "^1.0.2",
      "gulp-changed-in-place": "^2.0.3",
      "gulp-plumber": "^1.1.0",
      "gulp-rename": "^1.2.2",
      "gulp-sourcemaps": "^2.0.0-alpha",
      "gulp-notify": "^2.2.0",
      "gulp-watch": "^4.3.11"
    }
  }

yarn manifest: 
  No manifest

Lockfile: 
  No lockfile

Trace: 
  Error: self signed certificate in certificate chain
      at TLSSocket.<anonymous> (_tls_wrap.js:1103:38)
      at emitNone (events.js:106:13)
      at TLSSocket.emit (events.js:208:7)
      at TLSSocket._finishInit (_tls_wrap.js:637:8)
      at TLSWrap.ssl.onhandshakedone (_tls_wrap.js:467:38)
